#
# A fatal error has been detected by the Java Runtime Environment:
#
#  SIGSEGV (0xb) at pc=0x00007f400e0cca04, pid=18474, tid=0x00007f3ff1782700
#
# JRE version: Java(TM) SE Runtime Environment (8.0_181-b13) (build 1.8.0_181-b13)
# Java VM: Java HotSpot(TM) 64-Bit Server VM (25.181-b13 mixed mode linux-amd64 compressed oops)
# Problematic frame:
# V  [libjvm.so+0x597a04]  frame::sender(RegisterMap*) const+0x114
#
# Failed to write core dump. Core dumps have been disabled. To enable core dumping, try "ulimit -c unlimited" before starting Java again
#
# If you would like to submit a bug report, please visit:
#   http://bugreport.java.com/bugreport/crash.jsp
#

---------------  T H R E A D  ---------------

Current thread (0x00007f40080cc800):  JavaThread "JDWP Transport Listener: dt_socket" daemon [_thread_in_vm, id=18550, stack(0x00007f3ff1682000,0x00007f3ff1783000)]

siginfo: si_signo: 11 (SIGSEGV), si_code: 1 (SEGV_MAPERR), si_addr: 0x0000000000000008

Registers:
RAX=0x0000000000000000, RBX=0x00007f3fd0824368, RCX=0x00007f3f9c0d6230, RDX=0x00007f3ff1780b80
RSP=0x00007f3ff1780af0, RBP=0x00007f3ff1780b10, RSI=0x00007f3ff85a7620, RDI=0x00007f3ff1781140
R8 =0x000000000000000b, R9 =0x0000000000000018, R10=0x000000000000000f, R11=0x0000000000000206
R12=0x00007f3ff1781140, R13=0x00007f3ff1780b80, R14=0x00007f3ff1781140, R15=0x00007f400eb0a230
RIP=0x00007f400e0cca04, EFLAGS=0x0000000000010246, CSGSFS=0x002b000000000033, ERR=0x0000000000000004
  TRAPNO=0x000000000000000e

Top of Stack: (sp=0x00007f3ff1780af0)
0x00007f3ff1780af0:   00007f3ff1781140 00007f3fd0824368
0x00007f3ff1780b00:   00007f3ff1780b80 00007f3ff1781140
0x00007f3ff1780b10:   00007f3ff1780b70 00007f400e0c8c38
0x00007f3ff1780b20:   0000000500000003 00000071ffffffff
0x00007f3ff1780b30:   000000000001401b ffffffffffffffff
0x00007f3ff1780b40:   00007f3fe00f80b0 00007f3fd0823d60
0x00007f3ff1780b50:   00007f3fd0823d68 00007f3fd0824360
0x00007f3ff1780b60:   00007f3fd0824368 00007f3ff1780b80
0x00007f3ff1780b70:   00007f3ff17811a0 00007f400e5fa673
0x00007f3ff1780b80:   00007f3fd08243a0 00007f3fd081f0e0
0x00007f3ff1780b90:   0000000000000000 00007f400ea80550
0x00007f3ff1780ba0:   0000000100000059 0000000000002000
0x00007f3ff1780bb0:   00007f3fbc0121b0 00007f3fd08245b0
0x00007f3ff1780bc0:   0000000000000000 000000000033500b
0x00007f3ff1780bd0:   00007f3f98988a08 00007f3f98988a08
0x00007f3ff1780be0:   0000000000000000 00007f3fd0824510
0x00007f3ff1780bf0:   00007f3fd0821c40 00007f3fd0824480
0x00007f3ff1780c00:   00000000000000b8 0000000000000000
0x00007f3ff1780c10:   00007f3fd0824380 00007f3fd0824450
0x00007f3ff1780c20:   00000000fffffffc 00007f3fd0832a00
0x00007f3ff1780c30:   0000000000000000 0000000000000001
0x00007f3ff1780c40:   00007f3fd0824470 0000000000000001
0x00007f3ff1780c50:   0000000000000000 000000000000000c
0x00007f3ff1780c60:   0000000000000000 00007f3fd0887af0
0x00007f3ff1780c70:   00007f3fd0888050 0000000300000008
0x00007f3ff1780c80:   00007f4000000003 0000000000000c00
0x00007f3ff1780c90:   0000000000000000 0000000000000000
0x00007f3ff1780ca0:   00007f3fd0824500 00007f3f9c0d5800
0x00007f3ff1780cb0:   0000000000000001 00007f3f9c0d5800
0x00007f3ff1780cc0:   0000000000000000 00007f400eab08d0
0x00007f3ff1780cd0:   00007f3f98960a40 00007f3ff85aa0e0
0x00007f3ff1780ce0:   00007f3ff85a75d0 00007f3f00000000 

Instructions: (pc=0x00007f400e0cca04)
0x00007f400e0cc9e4:   74 3a 49 89 44 24 08 41 c7 44 24 18 01 00 00 00
0x00007f400e0cc9f4:   e9 5e ff ff ff 0f 1f 80 00 00 00 00 48 8b 43 20
0x00007f400e0cca04:   48 8b 78 08 48 8b 10 48 83 c0 10 49 89 04 24 49
0x00007f400e0cca14:   89 44 24 28 eb 9a 66 0f 1f 44 00 00 41 c7 44 24 

Register to memory mapping:

RAX=0x0000000000000000 is an unknown value
RBX=0x00007f3fd0824368 is an unknown value
RCX=0x00007f3f9c0d6230 is an unknown value
RDX=0x00007f3ff1780b80 is pointing into the stack for thread: 0x00007f40080cc800
RSP=0x00007f3ff1780af0 is pointing into the stack for thread: 0x00007f40080cc800
RBP=0x00007f3ff1780b10 is pointing into the stack for thread: 0x00007f40080cc800
RSI=0x00007f3ff85a7620 is pointing into interpreter code (not bytecode specific)
RDI=0x00007f3ff1781140 is pointing into the stack for thread: 0x00007f40080cc800
R8 =0x000000000000000b is an unknown value
R9 =0x0000000000000018 is an unknown value
R10=0x000000000000000f is an unknown value
R11=0x0000000000000206 is an unknown value
R12=0x00007f3ff1781140 is pointing into the stack for thread: 0x00007f40080cc800
R13=0x00007f3ff1780b80 is pointing into the stack for thread: 0x00007f40080cc800
R14=0x00007f3ff1781140 is pointing into the stack for thread: 0x00007f40080cc800
R15=0x00007f400eb0a230: <offset 0xfd5230> in /usr/lib/jvm/java-8-oracle/jre/lib/amd64/server/libjvm.so at 0x00007f400db35000


Stack: [0x00007f3ff1682000,0x00007f3ff1783000],  sp=0x00007f3ff1780af0,  free space=1018k
Native frames: (J=compiled Java code, j=interpreted, Vv=VM code, C=native code)
V  [libjvm.so+0x597a04]  frame::sender(RegisterMap*) const+0x114
V  [libjvm.so+0x593c38]  frame::real_sender(RegisterMap*) const+0x18
V  [libjvm.so+0xac5673]  vframe::sender() const+0x63
V  [libjvm.so+0xac3f7a]  vframe::java_sender() const+0x2a
V  [libjvm.so+0x795e63]  JvmtiEnvBase::vframeFor(JavaThread*, int)+0x63
V  [libjvm.so+0x796fd1]  JvmtiEnvBase::get_frame_location(JavaThread*, int, _jmethodID**, long*)+0x81
V  [libjvm.so+0x78a884]  JvmtiEnv::GetFrameLocation(JavaThread*, int, _jmethodID**, long*)+0xc4
V  [libjvm.so+0x74c93a]  jvmti_GetFrameLocation+0x2fa
C  [libjdwp.so+0xaa14]  frames+0x234
C  [libjdwp.so+0x11a02]  debugLoop_run+0x292
C  [libjdwp.so+0x24bff]  attachThread+0x2f
V  [libjvm.so+0x7ae6f1]  JvmtiAgentThread::call_start_function()+0xd1
V  [libjvm.so+0xa813f3]  JavaThread::thread_main_inner()+0x103
V  [libjvm.so+0xa8153c]  JavaThread::run()+0x11c
V  [libjvm.so+0x930198]  java_start(Thread*)+0x108
C  [libpthread.so.0+0x76db]  start_thread+0xdb


---------------  P R O C E S S  ---------------

Java Threads: ( => current thread )
  0x00007f3fcc00b800 JavaThread "SIGTERM handler" daemon [_thread_blocked, id=23562, stack(0x00007f3f985f7000,0x00007f3f986f8000)]
  0x00007f3f94077800 JavaThread "JMX server connection timeout 182" daemon [_thread_blocked, id=23557, stack(0x00007f3f99001000,0x00007f3f99102000)]
  0x00007f3fcc00a800 JavaThread "SIGTERM handler" daemon [_thread_blocked, id=23556, stack(0x00007f3f77cfd000,0x00007f3f77dfe000)]
  0x00007f3fac018800 JavaThread "RMI TCP Connection(121)-127.0.0.1" daemon [_thread_in_native, id=23542, stack(0x00007f3f984f6000,0x00007f3f985f7000)]
  0x00007f3fac018000 JavaThread "RMI TCP Connection(120)-127.0.0.1" daemon [_thread_in_native, id=23541, stack(0x00007f3f98afc000,0x00007f3f98bfd000)]
  0x00007f3fcc005000 JavaThread "SIGTERM handler" daemon [_thread_blocked, id=23494, stack(0x00007f3f981f3000,0x00007f3f982f4000)]
  0x00007f3f7c0db800 JavaThread "JMX server connection timeout 168" daemon [_thread_blocked, id=23396, stack(0x00007f3f982f4000,0x00007f3f983f5000)]
  0x00007f3fac017000 JavaThread "RMI TCP Connection(118)-127.0.0.1" daemon [_thread_in_native, id=23391, stack(0x00007f3f987f9000,0x00007f3f988fa000)]
  0x00007f3f8cb92000 JavaThread "JMX server connection timeout 166" daemon [_thread_blocked, id=23390, stack(0x00007f3f9a464000,0x00007f3f9a565000)]
  0x00007f3fac016000 JavaThread "RMI TCP Connection(119)-127.0.0.1" daemon [_thread_in_native, id=23389, stack(0x00007f3f9a565000,0x00007f3f9a666000)]
  0x00007f3fb000c800 JavaThread "RMI TCP Connection(116)-127.0.0.1" daemon [_thread_in_native, id=23385, stack(0x00007f3ff02d5000,0x00007f3ff03d6000)]
  0x00007f3fac015800 JavaThread "RMI TCP Connection(117)-127.0.0.1" daemon [_thread_in_native, id=23383, stack(0x00007f3f99b04000,0x00007f3f99c05000)]
  0x00007f3fac009800 JavaThread "RMI TCP Connection(115)-127.0.0.1" daemon [_thread_in_native, id=7567, stack(0x00007f3f9ba68000,0x00007f3f9bb69000)]
  0x00007f3f9c0d5800 JavaThread "http-nio-8085-exec-7" daemon [_thread_in_Java, id=7546, stack(0x00007f3f988fa000,0x00007f3f989fb000)]
  0x00007f4008012000 JavaThread "DestroyJavaVM" [_thread_blocked, id=18480, stack(0x00007f400f664000,0x00007f400f764000)]
  0x00007f3f8cae9000 JavaThread "Live Reload Server" daemon [_thread_in_native, id=19650, stack(0x00007f3f9b967000,0x00007f3f9ba68000)]
  0x00007f3f9400f000 JavaThread "JMX server connection timeout 19" daemon [_thread_blocked, id=18693, stack(0x00007f3f9beff000,0x00007f3f9c000000)]
  0x00007f3fac001800 JavaThread "RMI TCP Connection(22)-127.0.0.1" daemon [_thread_in_native, id=18690, stack(0x00007f3ff00d3000,0x00007f3ff01d4000)]
  0x00007f3f9c00d800 JavaThread "RMI Scheduler(0)" daemon [_thread_blocked, id=18681, stack(0x00007f3ff01d4000,0x00007f3ff02d5000)]
  0x00007f40084d2000 JavaThread "RMI TCP Accept-0" daemon [_thread_in_native, id=18677, stack(0x00007f3ff04d7000,0x00007f3ff05d8000)]
  0x00007f40084c9000 JavaThread "RMI TCP Accept-44289" daemon [_thread_in_native, id=18675, stack(0x00007f3ff05d8000,0x00007f3ff06d9000)]
  0x00007f40084ac000 JavaThread "RMI TCP Accept-0" daemon [_thread_in_native, id=18674, stack(0x00007f3ff06d9000,0x00007f3ff07da000)]
  0x00007f40080da000 JavaThread "Service Thread" daemon [_thread_blocked, id=18663, stack(0x00007f3ff107c000,0x00007f3ff117d000)]
  0x00007f40080d6800 JavaThread "C1 CompilerThread2" daemon [_thread_blocked, id=18662, stack(0x00007f3ff117e000,0x00007f3ff127e000)]
  0x00007f40080d5000 JavaThread "C2 CompilerThread1" daemon [_thread_blocked, id=18658, stack(0x00007f3ff127f000,0x00007f3ff137f000)]
  0x00007f40080d2000 JavaThread "C2 CompilerThread0" daemon [_thread_blocked, id=18655, stack(0x00007f3ff1380000,0x00007f3ff1480000)]
  0x00007f40080cf800 JavaThread "JDWP Event Helper Thread" daemon [_thread_blocked, id=18551, stack(0x00007f3ff1581000,0x00007f3ff1682000)]
=>0x00007f40080cc800 JavaThread "JDWP Transport Listener: dt_socket" daemon [_thread_in_vm, id=18550, stack(0x00007f3ff1682000,0x00007f3ff1783000)]
  0x00007f40080be000 JavaThread "Signal Dispatcher" daemon [_thread_blocked, id=18510, stack(0x00007f3ff1987000,0x00007f3ff1a88000)]
  0x00007f400808c000 JavaThread "Finalizer" daemon [_thread_blocked, id=18499, stack(0x00007f3ff1a88000,0x00007f3ff1b89000)]
  0x00007f4008089800 JavaThread "Reference Handler" daemon [_thread_blocked, id=18494, stack(0x00007f3ff1b89000,0x00007f3ff1c8a000)]

Other Threads:
  0x00007f4008080000 VMThread [stack: 0x00007f3ff1c8b000,0x00007f3ff1d8b000] [id=18489]

VM state:not at safepoint (normal execution)

VM Mutex/Monitor currently owned by a thread: None

Heap:
 PSYoungGen      total 172032K, used 41244K [0x00000000d6f00000, 0x00000000e2f00000, 0x0000000100000000)
  eden space 163840K, 20% used [0x00000000d6f00000,0x00000000d8f5f340,0x00000000e0f00000)
  from space 8192K, 98% used [0x00000000e1800000,0x00000000e1fe8080,0x00000000e2000000)
  to   space 14336K, 0% used [0x00000000e2100000,0x00000000e2100000,0x00000000e2f00000)
 ParOldGen       total 90112K, used 28977K [0x0000000084c00000, 0x000000008a400000, 0x00000000d6f00000)
  object space 90112K, 32% used [0x0000000084c00000,0x000000008684c520,0x000000008a400000)
 Metaspace       used 50323K, capacity 54878K, committed 55168K, reserved 1097728K
  class space    used 6963K, capacity 7753K, committed 7808K, reserved 1048576K

Card table byte_map: [0x00007f3ff7e07000,0x00007f3ff81e2000] byte_map_base: 0x00007f3ff79e1000

Marking Bits: (ParMarkBitMap*) 0x00007f400eb090a0
 Begin Bits: [0x00007f3ff3ad2000, 0x00007f3ff59a2000)
 End Bits:   [0x00007f3ff59a2000, 0x00007f3ff7872000)

Polling page: 0x00007f400f786000

CodeCache: size=245760Kb used=20291Kb max_used=20291Kb free=225468Kb
 bounds [0x00007f3ff85a2000, 0x00007f3ff9982000, 0x00007f40075a2000]
 total_blobs=10909 nmethods=10397 adapters=432
 compilation: enabled

Compilation events (10 events):
Event: 5580.636 Thread 0x00007f40080d6800 10642       1       java.rmi.server.UID::hashCode (11 bytes)
Event: 5580.636 Thread 0x00007f40080d6800 nmethod 10642 0x00007f3ff99766d0 code [0x00007f3ff9976820, 0x00007f3ff9976930]
Event: 5580.639 Thread 0x00007f40080d6800 10643       1       com.sun.jmx.remote.internal.ServerCommunicatorAdmin::access$700 (4 bytes)
Event: 5580.639 Thread 0x00007f40080d6800 nmethod 10643 0x00007f3ff9976990 code [0x00007f3ff9976ae0, 0x00007f3ff9976bd0]
Event: 5581.236 Thread 0x00007f40080d6800 10644       1       java.util.concurrent.CopyOnWriteArrayList::indexOf (63 bytes)
Event: 5581.237 Thread 0x00007f40080d6800 nmethod 10644 0x00007f3ff9976c50 code [0x00007f3ff9976dc0, 0x00007f3ff9976fc8]
Event: 5581.241 Thread 0x00007f40080d6800 10645       1       com.sun.jmx.interceptor.DefaultMBeanServerInterceptor::checkMBeanPermission (21 bytes)
Event: 5581.242 Thread 0x00007f40080d6800 nmethod 10645 0x00007f3ff9977190 code [0x00007f3ff9977340, 0x00007f3ff9977678]
Event: 5581.245 Thread 0x00007f40080d6800 10646       1       java.io.ObjectOutputStream::flush (8 bytes)
Event: 5581.245 Thread 0x00007f40080d6800 nmethod 10646 0x00007f3ff9977a10 code [0x00007f3ff9977b80, 0x00007f3ff9977cf8]

GC Heap History (10 events):
Event: 4453.218 GC heap before
{Heap before GC invocations=34 (full 5):
 PSYoungGen      total 205824K, used 199546K [0x00000000d6f00000, 0x00000000e4d80000, 0x0000000100000000)
  eden space 189440K, 100% used [0x00000000d6f00000,0x00000000e2800000,0x00000000e2800000)
  from space 16384K, 61% used [0x00000000e3780000,0x00000000e415e888,0x00000000e4780000)
  to   space 15872K, 0% used [0x00000000e2800000,0x00000000e2800000,0x00000000e3780000)
 ParOldGen       total 90112K, used 28937K [0x0000000084c00000, 0x000000008a400000, 0x00000000d6f00000)
  object space 90112K, 32% used [0x0000000084c00000,0x0000000086842520,0x000000008a400000)
 Metaspace       used 50031K, capacity 54396K, committed 54528K, reserved 1095680K
  class space    used 6905K, capacity 7651K, committed 7680K, reserved 1048576K
Event: 4453.265 GC heap after
Heap after GC invocations=34 (full 5):
 PSYoungGen      total 205312K, used 6257K [0x00000000d6f00000, 0x00000000e4c80000, 0x0000000100000000)
  eden space 189440K, 0% used [0x00000000d6f00000,0x00000000d6f00000,0x00000000e2800000)
  from space 15872K, 39% used [0x00000000e2800000,0x00000000e2e1c538,0x00000000e3780000)
  to   space 15872K, 0% used [0x00000000e3d00000,0x00000000e3d00000,0x00000000e4c80000)
 ParOldGen       total 90112K, used 28945K [0x0000000084c00000, 0x000000008a400000, 0x00000000d6f00000)
  object space 90112K, 32% used [0x0000000084c00000,0x0000000086844520,0x000000008a400000)
 Metaspace       used 50031K, capacity 54396K, committed 54528K, reserved 1095680K
  class space    used 6905K, capacity 7651K, committed 7680K, reserved 1048576K
}
Event: 4753.473 GC heap before
{Heap before GC invocations=35 (full 5):
 PSYoungGen      total 205312K, used 195697K [0x00000000d6f00000, 0x00000000e4c80000, 0x0000000100000000)
  eden space 189440K, 100% used [0x00000000d6f00000,0x00000000e2800000,0x00000000e2800000)
  from space 15872K, 39% used [0x00000000e2800000,0x00000000e2e1c538,0x00000000e3780000)
  to   space 15872K, 0% used [0x00000000e3d00000,0x00000000e3d00000,0x00000000e4c80000)
 ParOldGen       total 90112K, used 28945K [0x0000000084c00000, 0x000000008a400000, 0x00000000d6f00000)
  object space 90112K, 32% used [0x0000000084c00000,0x0000000086844520,0x000000008a400000)
 Metaspace       used 50078K, capacity 54470K, committed 54656K, reserved 1095680K
  class space    used 6922K, capacity 7682K, committed 7808K, reserved 1048576K
Event: 4753.509 GC heap after
Heap after GC invocations=35 (full 5):
 PSYoungGen      total 189440K, used 6225K [0x00000000d6f00000, 0x00000000e4380000, 0x0000000100000000)
  eden space 182784K, 0% used [0x00000000d6f00000,0x00000000d6f00000,0x00000000e2180000)
  from space 6656K, 93% used [0x00000000e3d00000,0x00000000e4314558,0x00000000e4380000)
  to   space 15872K, 0% used [0x00000000e2480000,0x00000000e2480000,0x00000000e3400000)
 ParOldGen       total 90112K, used 28953K [0x0000000084c00000, 0x000000008a400000, 0x00000000d6f00000)
  object space 90112K, 32% used [0x0000000084c00000,0x0000000086846520,0x000000008a400000)
 Metaspace       used 50078K, capacity 54470K, committed 54656K, reserved 1095680K
  class space    used 6922K, capacity 7682K, committed 7808K, reserved 1048576K
}
Event: 5020.939 GC heap before
{Heap before GC invocations=36 (full 5):
 PSYoungGen      total 189440K, used 189009K [0x00000000d6f00000, 0x00000000e4380000, 0x0000000100000000)
  eden space 182784K, 100% used [0x00000000d6f00000,0x00000000e2180000,0x00000000e2180000)
  from space 6656K, 93% used [0x00000000e3d00000,0x00000000e4314558,0x00000000e4380000)
  to   space 15872K, 0% used [0x00000000e2480000,0x00000000e2480000,0x00000000e3400000)
 ParOldGen       total 90112K, used 28953K [0x0000000084c00000, 0x000000008a400000, 0x00000000d6f00000)
  object space 90112K, 32% used [0x0000000084c00000,0x0000000086846520,0x000000008a400000)
 Metaspace       used 50239K, capacity 54780K, committed 54912K, reserved 1095680K
  class space    used 6951K, capacity 7735K, committed 7808K, reserved 1048576K
Event: 5020.985 GC heap after
Heap after GC invocations=36 (full 5):
 PSYoungGen      total 182784K, used 6289K [0x00000000d6f00000, 0x00000000e3d80000, 0x0000000100000000)
  eden space 176128K, 0% used [0x00000000d6f00000,0x00000000d6f00000,0x00000000e1b00000)
  from space 6656K, 94% used [0x00000000e2480000,0x00000000e2aa4558,0x00000000e2b00000)
  to   space 15360K, 0% used [0x00000000e2e80000,0x00000000e2e80000,0x00000000e3d80000)
 ParOldGen       total 90112K, used 28961K [0x0000000084c00000, 0x000000008a400000, 0x00000000d6f00000)
  object space 90112K, 32% used [0x0000000084c00000,0x0000000086848520,0x000000008a400000)
 Metaspace       used 50239K, capacity 54780K, committed 54912K, reserved 1095680K
  class space    used 6951K, capacity 7735K, committed 7808K, reserved 1048576K
}
Event: 5288.732 GC heap before
{Heap before GC invocations=37 (full 5):
 PSYoungGen      total 182784K, used 182417K [0x00000000d6f00000, 0x00000000e3d80000, 0x0000000100000000)
  eden space 176128K, 100% used [0x00000000d6f00000,0x00000000e1b00000,0x00000000e1b00000)
  from space 6656K, 94% used [0x00000000e2480000,0x00000000e2aa4558,0x00000000e2b00000)
  to   space 15360K, 0% used [0x00000000e2e80000,0x00000000e2e80000,0x00000000e3d80000)
 ParOldGen       total 90112K, used 28961K [0x0000000084c00000, 0x000000008a400000, 0x00000000d6f00000)
  object space 90112K, 32% used [0x0000000084c00000,0x0000000086848520,0x000000008a400000)
 Metaspace       used 50258K, capacity 54782K, committed 54912K, reserved 1095680K
  class space    used 6952K, capacity 7736K, committed 7808K, reserved 1048576K
Event: 5288.746 GC heap after
Heap after GC invocations=37 (full 5):
 PSYoungGen      total 176640K, used 6368K [0x00000000d6f00000, 0x00000000e3500000, 0x0000000100000000)
  eden space 169984K, 0% used [0x00000000d6f00000,0x00000000d6f00000,0x00000000e1500000)
  from space 6656K, 95% used [0x00000000e2e80000,0x00000000e34b8080,0x00000000e3500000)
  to   space 14848K, 0% used [0x00000000e1800000,0x00000000e1800000,0x00000000e2680000)
 ParOldGen       total 90112K, used 28969K [0x0000000084c00000, 0x000000008a400000, 0x00000000d6f00000)
  object space 90112K, 32% used [0x0000000084c00000,0x000000008684a520,0x000000008a400000)
 Metaspace       used 50258K, capacity 54782K, committed 54912K, reserved 1095680K
  class space    used 6952K, capacity 7736K, committed 7808K, reserved 1048576K
}
Event: 5557.517 GC heap before
{Heap before GC invocations=38 (full 5):
 PSYoungGen      total 176640K, used 176352K [0x00000000d6f00000, 0x00000000e3500000, 0x0000000100000000)
  eden space 169984K, 100% used [0x00000000d6f00000,0x00000000e1500000,0x00000000e1500000)
  from space 6656K, 95% used [0x00000000e2e80000,0x00000000e34b8080,0x00000000e3500000)
  to   space 14848K, 0% used [0x00000000e1800000,0x00000000e1800000,0x00000000e2680000)
 ParOldGen       total 90112K, used 28969K [0x0000000084c00000, 0x000000008a400000, 0x00000000d6f00000)
  object space 90112K, 32% used [0x0000000084c00000,0x000000008684a520,0x000000008a400000)
 Metaspace       used 50258K, capacity 54782K, committed 54912K, reserved 1095680K
  class space    used 6952K, capacity 7736K, committed 7808K, reserved 1048576K
Event: 5557.532 GC heap after
Heap after GC invocations=38 (full 5):
 PSYoungGen      total 172032K, used 8096K [0x00000000d6f00000, 0x00000000e2f00000, 0x0000000100000000)
  eden space 163840K, 0% used [0x00000000d6f00000,0x00000000d6f00000,0x00000000e0f00000)
  from space 8192K, 98% used [0x00000000e1800000,0x00000000e1fe8080,0x00000000e2000000)
  to   space 14336K, 0% used [0x00000000e2100000,0x00000000e2100000,0x00000000e2f00000)
 ParOldGen       total 90112K, used 28977K [0x0000000084c00000, 0x000000008a400000, 0x00000000d6f00000)
  object space 90112K, 32% used [0x0000000084c00000,0x000000008684c520,0x000000008a400000)
 Metaspace       used 50258K, capacity 54782K, committed 54912K, reserved 1095680K
  class space    used 6952K, capacity 7736K, committed 7808K, reserved 1048576K
}

Deoptimization events (0 events):
No events

Classes redefined (0 events):
No events

Internal exceptions (10 events):
Event: 5573.892 Thread 0x00007f3fac016000 Exception <a 'java/lang/NoSuchMethodError': <clinit>> (0x00000000d7b9dbb8) thrown at [/HUDSON/workspace/8-2-build-linux-amd64/jdk8u181/11358/hotspot/src/share/vm/prims/jni.cpp, line 1613]
Event: 5573.939 Thread 0x00007f3f9c038800 Exception <a 'java/lang/InterruptedException': sleep interrupted> (0x00000000d79b16d0) thrown at [/HUDSON/workspace/8-2-build-linux-amd64/jdk8u181/11358/hotspot/src/share/vm/prims/jvm.cpp, line 3273]
Event: 5576.991 Thread 0x00007f3fac016000 Exception <a 'java/security/PrivilegedActionException'> (0x00000000d7c2de18) thrown at [/HUDSON/workspace/8-2-build-linux-amd64/jdk8u181/11358/hotspot/src/share/vm/prims/jvm.cpp, line 1435]
Event: 5580.407 Thread 0x00007f3fac018000 Exception <a 'java/security/PrivilegedActionException'> (0x00000000d8d83d00) thrown at [/HUDSON/workspace/8-2-build-linux-amd64/jdk8u181/11358/hotspot/src/share/vm/prims/jvm.cpp, line 1435]
Event: 5580.420 Thread 0x00007f3fac016000 Exception <a 'java/security/PrivilegedActionException'> (0x00000000d7c3b9e0) thrown at [/HUDSON/workspace/8-2-build-linux-amd64/jdk8u181/11358/hotspot/src/share/vm/prims/jvm.cpp, line 1435]
Event: 5580.497 Thread 0x00007f3fac018800 Exception <a 'java/security/PrivilegedActionException'> (0x00000000d8daeef0) thrown at [/HUDSON/workspace/8-2-build-linux-amd64/jdk8u181/11358/hotspot/src/share/vm/prims/jvm.cpp, line 1435]
Event: 5580.582 Thread 0x00007f3fac018000 Exception <a 'java/security/PrivilegedActionException'> (0x00000000d8d91960) thrown at [/HUDSON/workspace/8-2-build-linux-amd64/jdk8u181/11358/hotspot/src/share/vm/prims/jvm.cpp, line 1435]
Event: 5580.638 Thread 0x00007f3fac016000 Exception <a 'java/security/PrivilegedActionException'> (0x00000000d8e528a0) thrown at [/HUDSON/workspace/8-2-build-linux-amd64/jdk8u181/11358/hotspot/src/share/vm/prims/jvm.cpp, line 1435]
Event: 5580.651 Thread 0x00007f3fac016000 Exception <a 'java/security/PrivilegedActionException'> (0x00000000d8e58400) thrown at [/HUDSON/workspace/8-2-build-linux-amd64/jdk8u181/11358/hotspot/src/share/vm/prims/jvm.cpp, line 1435]
Event: 5581.239 Thread 0x00007f3f9c03d000 Exception <a 'java/lang/InterruptedException': sleep interrupted> (0x00000000d8edc118) thrown at [/HUDSON/workspace/8-2-build-linux-amd64/jdk8u181/11358/hotspot/src/share/vm/prims/jvm.cpp, line 3273]

Events (10 events):
Event: 5581.259 Thread 0x00007f3f9c0d5800 DEOPT PACKING pc=0x00007f3ff9211884 sp=0x00007f3f98960270
Event: 5581.259 Thread 0x00007f3f9c0d5800 DEOPT UNPACKING pc=0x00007f3ff85e9784 sp=0x00007f3f9895ffa0 mode 1
Event: 5581.259 Thread 0x00007f3f9c0d5800 DEOPT PACKING pc=0x00007f3ff9232fd4 sp=0x00007f3f98960390
Event: 5581.259 Thread 0x00007f3f9c0d5800 DEOPT UNPACKING pc=0x00007f3ff85e9784 sp=0x00007f3f989600f8 mode 1
Event: 5581.259 Thread 0x00007f3f9c0d5800 DEOPT PACKING pc=0x00007f3ff9244ccc sp=0x00007f3f98960440
Event: 5581.259 Thread 0x00007f3f9c0d5800 DEOPT UNPACKING pc=0x00007f3ff85e9784 sp=0x00007f3f98960198 mode 1
Event: 5581.259 Thread 0x00007f3f9c0d5800 DEOPT PACKING pc=0x00007f3ff9240264 sp=0x00007f3f989604d0
Event: 5581.259 Thread 0x00007f3f9c0d5800 DEOPT UNPACKING pc=0x00007f3ff85e9784 sp=0x00007f3f989602a8 mode 1
Event: 5581.259 Thread 0x00007f3f9c0d5800 DEOPT PACKING pc=0x00007f3ff923d7fc sp=0x00007f3f98960610
Event: 5581.259 Thread 0x00007f3f9c0d5800 DEOPT UNPACKING pc=0x00007f3ff85e9784 sp=0x00007f3f989604f0 mode 1


Dynamic libraries:
00400000-00401000 r-xp 00000000 08:01 13505329                           /usr/lib/jvm/java-8-oracle/bin/java
00600000-00601000 rw-p 00000000 08:01 13505329                           /usr/lib/jvm/java-8-oracle/bin/java
01236000-01257000 rw-p 00000000 00:00 0                                  [heap]
84c00000-8a400000 rw-p 00000000 00:00 0 
8a400000-d6f00000 ---p 00000000 00:00 0 
d6f00000-e2f00000 rw-p 00000000 00:00 0 
e2f00000-100000000 ---p 00000000 00:00 0 
100000000-1007a0000 rw-p 00000000 00:00 0 
1007a0000-140000000 ---p 00000000 00:00 0 
7f3f70000000-7f3f700e6000 rw-p 00000000 00:00 0 
7f3f700e6000-7f3f74000000 ---p 00000000 00:00 0 
7f3f771fa000-7f3f7723a000 rw-p 00000000 00:00 0 
7f3f7723a000-7f3f773fa000 ---p 00000000 00:00 0 
7f3f773fa000-7f3f775fa000 rw-p 00000000 00:00 0 
7f3f775fa000-7f3f777fa000 rw-p 00000000 00:00 0 
7f3f777fa000-7f3f779fa000 rw-p 00000000 00:00 0 
7f3f779fa000-7f3f779fd000 ---p 00000000 00:00 0 
7f3f779fd000-7f3f77afb000 rw-p 00000000 00:00 0 
7f3f77afb000-7f3f77afe000 ---p 00000000 00:00 0 
7f3f77afe000-7f3f77bfc000 rw-p 00000000 00:00 0 
7f3f77bfc000-7f3f77bff000 ---p 00000000 00:00 0 
7f3f77bff000-7f3f77cfd000 rw-p 00000000 00:00 0 
7f3f77cfd000-7f3f77d00000 ---p 00000000 00:00 0 
7f3f77d00000-7f3f77dfe000 rw-p 00000000 00:00 0 
7f3f77dfe000-7f3f77e01000 ---p 00000000 00:00 0 
7f3f77e01000-7f3f77eff000 rw-p 00000000 00:00 0 
7f3f77eff000-7f3f77f02000 ---p 00000000 00:00 0 
7f3f77f02000-7f3f78000000 rw-p 00000000 00:00 0 
7f3f78000000-7f3f78060000 rw-p 00000000 00:00 0 
7f3f78060000-7f3f7c000000 ---p 00000000 00:00 0 
7f3f7c000000-7f3f7c119000 rw-p 00000000 00:00 0 
7f3f7c119000-7f3f80000000 ---p 00000000 00:00 0 
7f3f80000000-7f3f80309000 rw-p 00000000 00:00 0 
7f3f80309000-7f3f84000000 ---p 00000000 00:00 0 
7f3f84000000-7f3f842e2000 rw-p 00000000 00:00 0 
7f3f842e2000-7f3f88000000 ---p 00000000 00:00 0 
7f3f88000000-7f3f88044000 rw-p 00000000 00:00 0 
7f3f88044000-7f3f8c000000 ---p 00000000 00:00 0 
7f3f8c000000-7f3f8cc90000 rw-p 00000000 00:00 0 
7f3f8cc90000-7f3f90000000 ---p 00000000 00:00 0 
7f3f90000000-7f3f90035000 rw-p 00000000 00:00 0 
7f3f90035000-7f3f94000000 ---p 00000000 00:00 0 
7f3f94000000-7f3f940b4000 rw-p 00000000 00:00 0 
7f3f940b4000-7f3f98000000 ---p 00000000 00:00 0 
7f3f980f2000-7f3f980f5000 ---p 00000000 00:00 0 
7f3f980f5000-7f3f981f3000 rw-p 00000000 00:00 0 
7f3f981f3000-7f3f981f6000 ---p 00000000 00:00 0 
7f3f981f6000-7f3f982f4000 rw-p 00000000 00:00 0 
7f3f982f4000-7f3f982f7000 ---p 00000000 00:00 0 
7f3f982f7000-7f3f983f5000 rw-p 00000000 00:00 0 
7f3f983f5000-7f3f983f8000 ---p 00000000 00:00 0 
7f3f983f8000-7f3f984f6000 rw-p 00000000 00:00 0 
7f3f984f6000-7f3f984f9000 ---p 00000000 00:00 0 
7f3f984f9000-7f3f985f7000 rw-p 00000000 00:00 0 
7f3f985f7000-7f3f985fa000 ---p 00000000 00:00 0 
7f3f985fa000-7f3f986f8000 rw-p 00000000 00:00 0 
7f3f986f8000-7f3f986fb000 ---p 00000000 00:00 0 
7f3f986fb000-7f3f987f9000 rw-p 00000000 00:00 0 
7f3f987f9000-7f3f987fc000 ---p 00000000 00:00 0 
7f3f987fc000-7f3f988fa000 rw-p 00000000 00:00 0 
7f3f988fa000-7f3f988fd000 ---p 00000000 00:00 0 
7f3f988fd000-7f3f989fb000 rw-p 00000000 00:00 0 
7f3f989fb000-7f3f989fe000 ---p 00000000 00:00 0 
7f3f989fe000-7f3f98afc000 rw-p 00000000 00:00 0 
7f3f98afc000-7f3f98aff000 ---p 00000000 00:00 0 
7f3f98aff000-7f3f98bfd000 rw-p 00000000 00:00 0 
7f3f98bfd000-7f3f98c00000 ---p 00000000 00:00 0 
7f3f98c00000-7f3f98cfe000 rw-p 00000000 00:00 0 
7f3f98cfe000-7f3f98d01000 ---p 00000000 00:00 0 
7f3f98d01000-7f3f98dff000 rw-p 00000000 00:00 0 
7f3f98dff000-7f3f98e02000 ---p 00000000 00:00 0 
7f3f98e02000-7f3f98f00000 rw-p 00000000 00:00 0 
7f3f98f00000-7f3f98f03000 ---p 00000000 00:00 0 
7f3f98f03000-7f3f99001000 rw-p 00000000 00:00 0 
7f3f99001000-7f3f99004000 ---p 00000000 00:00 0 
7f3f99004000-7f3f99102000 rw-p 00000000 00:00 0 
7f3f99102000-7f3f99105000 ---p 00000000 00:00 0 
7f3f99105000-7f3f99403000 rw-p 00000000 00:00 0 
7f3f99403000-7f3f99603000 rw-p 00000000 00:00 0 
7f3f99603000-7f3f99803000 rw-p 00000000 00:00 0 
7f3f99803000-7f3f99a03000 rw-p 00000000 00:00 0 
7f3f99a03000-7f3f99a06000 ---p 00000000 00:00 0 
7f3f99a06000-7f3f99b04000 rw-p 00000000 00:00 0 
7f3f99b04000-7f3f99b07000 ---p 00000000 00:00 0 
7f3f99b07000-7f3f99e05000 rw-p 00000000 00:00 0 
7f3f99e05000-7f3f99e1c000 r-xp 00000000 08:01 12063361                   /lib/x86_64-linux-gnu/libgcc_s.so.1
7f3f99e1c000-7f3f9a01b000 ---p 00017000 08:01 12063361                   /lib/x86_64-linux-gnu/libgcc_s.so.1
7f3f9a01b000-7f3f9a01c000 r--p 00016000 08:01 12063361                   /lib/x86_64-linux-gnu/libgcc_s.so.1
7f3f9a01c000-7f3f9a01d000 rw-p 00017000 08:01 12063361                   /lib/x86_64-linux-gnu/libgcc_s.so.1
7f3f9a01d000-7f3f9a04f000 r-xp 00000000 08:01 13507455                   /usr/lib/jvm/java-8-oracle/jre/lib/amd64/libsunec.so
7f3f9a04f000-7f3f9a24e000 ---p 00032000 08:01 13507455                   /usr/lib/jvm/java-8-oracle/jre/lib/amd64/libsunec.so
7f3f9a24e000-7f3f9a254000 rw-p 00031000 08:01 13507455                   /usr/lib/jvm/java-8-oracle/jre/lib/amd64/libsunec.so
7f3f9a254000-7f3f9a464000 rw-p 00000000 00:00 0 
7f3f9a464000-7f3f9a467000 ---p 00000000 00:00 0 
7f3f9a467000-7f3f9a565000 rw-p 00000000 00:00 0 
7f3f9a565000-7f3f9a568000 ---p 00000000 00:00 0 
7f3f9a568000-7f3f9a666000 rw-p 00000000 00:00 0 
7f3f9a666000-7f3f9a669000 ---p 00000000 00:00 0 
7f3f9a669000-7f3f9a967000 rw-p 00000000 00:00 0 
7f3f9a967000-7f3f9ab67000 rw-p 00000000 00:00 0 
7f3f9ab67000-7f3f9ad67000 rw-p 00000000 00:00 0 
7f3f9ad67000-7f3f9af67000 rw-p 00000000 00:00 0 
7f3f9af67000-7f3f9b167000 rw-p 00000000 00:00 0 
7f3f9b167000-7f3f9b367000 rw-p 00000000 00:00 0 
7f3f9b367000-7f3f9b567000 rw-p 00000000 00:00 0 
7f3f9b567000-7f3f9b767000 rw-p 00000000 00:00 0 
7f3f9b767000-7f3f9b967000 rw-p 00000000 00:00 0 
7f3f9b967000-7f3f9b96a000 ---p 00000000 00:00 0 
7f3f9b96a000-7f3f9ba68000 rw-p 00000000 00:00 0 
7f3f9ba68000-7f3f9ba6b000 ---p 00000000 00:00 0 
7f3f9ba6b000-7f3f9bb69000 rw-p 00000000 00:00 0 
7f3f9bb69000-7f3f9bb6c000 ---p 00000000 00:00 0 
7f3f9bb6c000-7f3f9bc6a000 rw-p 00000000 00:00 0 
7f3f9bcfa000-7f3f9bcfc000 r--s 00009000 08:01 13507081                   /usr/lib/jvm/java-8-oracle/jre/lib/ext/sunec.jar
7f3f9bcfc000-7f3f9bcff000 r--s 0001a000 08:01 13507730                   /usr/lib/jvm/java-8-oracle/jre/lib/jce.jar
7f3f9bcff000-7f3f9beff000 rw-p 00000000 00:00 0 
7f3f9beff000-7f3f9bf02000 ---p 00000000 00:00 0 
7f3f9bf02000-7f3f9c000000 rw-p 00000000 00:00 0 
7f3f9c000000-7f3f9c0fb000 rw-p 00000000 00:00 0 
7f3f9c0fb000-7f3fa0000000 ---p 00000000 00:00 0 
7f3fa0000000-7f3fa006a000 rw-p 00000000 00:00 0 
7f3fa006a000-7f3fa4000000 ---p 00000000 00:00 0 
7f3fa4000000-7f3fa4030000 rw-p 00000000 00:00 0 
7f3fa4030000-7f3fa8000000 ---p 00000000 00:00 0 
7f3fa8000000-7f3fa802f000 rw-p 00000000 00:00 0 
7f3fa802f000-7f3fac000000 ---p 00000000 00:00 0 
7f3fac000000-7f3fac035000 rw-p 00000000 00:00 0 
7f3fac035000-7f3fb0000000 ---p 00000000 00:00 0 
7f3fb0000000-7f3fb0044000 rw-p 00000000 00:00 0 
7f3fb0044000-7f3fb4000000 ---p 00000000 00:00 0 
7f3fb4000000-7f3fb4d70000 rw-p 00000000 00:00 0 
7f3fb4d70000-7f3fb8000000 ---p 00000000 00:00 0 
7f3fb8000000-7f3fb8035000 rw-p 00000000 00:00 0 
7f3fb8035000-7f3fbc000000 ---p 00000000 00:00 0 
7f3fbc000000-7f3fbc04e000 rw-p 00000000 00:00 0 
7f3fbc04e000-7f3fc0000000 ---p 00000000 00:00 0 
7f3fc0000000-7f3fc0021000 rw-p 00000000 00:00 0 
7f3fc0021000-7f3fc4000000 ---p 00000000 00:00 0 
7f3fc4000000-7f3fc4050000 rw-p 00000000 00:00 0 
7f3fc4050000-7f3fc8000000 ---p 00000000 00:00 0 
7f3fc8000000-7f3fc803a000 rw-p 00000000 00:00 0 
7f3fc803a000-7f3fcc000000 ---p 00000000 00:00 0 
7f3fcc000000-7f3fcc021000 rw-p 00000000 00:00 0 
7f3fcc021000-7f3fd0000000 ---p 00000000 00:00 0 
7f3fd0000000-7f3fd0a2b000 rw-p 00000000 00:00 0 
7f3fd0a2b000-7f3fd4000000 ---p 00000000 00:00 0 
7f3fd4000000-7f3fd4021000 rw-p 00000000 00:00 0 
7f3fd4021000-7f3fd8000000 ---p 00000000 00:00 0 
7f3fd8000000-7f3fd8021000 rw-p 00000000 00:00 0 
7f3fd8021000-7f3fdc000000 ---p 00000000 00:00 0 
7f3fdc000000-7f3fdc02b000 rw-p 00000000 00:00 0 
7f3fdc02b000-7f3fe0000000 ---p 00000000 00:00 0 
7f3fe0000000-7f3fe05c2000 rw-p 00000000 00:00 0 
7f3fe05c2000-7f3fe4000000 ---p 00000000 00:00 0 
7f3fe4000000-7f3fe4043000 rw-p 00000000 00:00 0 
7f3fe4043000-7f3fe8000000 ---p 00000000 00:00 0 
7f3fe8000000-7f3fe80c3000 rw-p 00000000 00:00 0 
7f3fe80c3000-7f3fec000000 ---p 00000000 00:00 0 
7f3fec000000-7f3fec04a000 rw-p 00000000 00:00 0 
7f3fec04a000-7f3ff0000000 ---p 00000000 00:00 0 
7f3ff0000000-7f3ff0005000 r--s 002f9000 08:01 13507005                   /usr/lib/jvm/java-8-oracle/jre/lib/charsets.jar
7f3ff0005000-7f3ff0018000 r--s 00345000 08:01 13507045                   /usr/lib/jvm/java-8-oracle/jre/lib/resources.jar
7f3ff0018000-7f3ff00ad000 r--s 0110e000 08:01 13507084                   /usr/lib/jvm/java-8-oracle/jre/lib/ext/jfxrt.jar
7f3ff00ad000-7f3ff00b7000 r--s 00116000 08:01 13507090                   /usr/lib/jvm/java-8-oracle/jre/lib/ext/localedata.jar
7f3ff00b7000-7f3ff00d3000 r--s 00393000 08:01 13507083                   /usr/lib/jvm/java-8-oracle/jre/lib/ext/cldrdata.jar
7f3ff00d3000-7f3ff00d6000 ---p 00000000 00:00 0 
7f3ff00d6000-7f3ff01d4000 rw-p 00000000 00:00 0 
7f3ff01d4000-7f3ff01d7000 ---p 00000000 00:00 0 
7f3ff01d7000-7f3ff02d5000 rw-p 00000000 00:00 0 
7f3ff02d5000-7f3ff02d8000 ---p 00000000 00:00 0 
7f3ff02d8000-7f3ff03d6000 rw-p 00000000 00:00 0 
7f3ff03d6000-7f3ff03d7000 ---p 00000000 00:00 0 
7f3ff03d7000-7f3ff04d7000 rw-p 00000000 00:00 0 
7f3ff04d7000-7f3ff04da000 ---p 00000000 00:00 0 
7f3ff04da000-7f3ff05d8000 rw-p 00000000 00:00 0 
7f3ff05d8000-7f3ff05db000 ---p 00000000 00:00 0 
7f3ff05db000-7f3ff06d9000 rw-p 00000000 00:00 0 
7f3ff06d9000-7f3ff06dc000 ---p 00000000 00:00 0 
7f3ff06dc000-7f3ff07da000 rw-p 00000000 00:00 0 
7f3ff07da000-7f3ff07df000 r--s 0009d000 08:01 13507078                   /usr/lib/jvm/java-8-oracle/jre/lib/jsse.jar
7f3ff07df000-7f3ff07e3000 r--s 00019000 08:01 1971374                    /home/baotoan/.m2/repository/org/aspectj/aspectjrt/1.8.13/aspectjrt-1.8.13.jar
7f3ff07e3000-7f3ff07ec000 r--s 00059000 08:01 2231351                    /home/baotoan/.m2/repository/org/springframework/spring-jdbc/5.0.8.RELEASE/spring-jdbc-5.0.8.RELEASE.jar
7f3ff07ec000-7f3ff07f0000 r--s 0002b000 08:01 2231357                    /home/baotoan/.m2/repository/org/springframework/spring-orm/5.0.8.RELEASE/spring-orm-5.0.8.RELEASE.jar
7f3ff07f0000-7f3ff07f8000 r--s 0004b000 08:01 2231353                    /home/baotoan/.m2/repository/org/springframework/data/spring-data-jpa/2.0.9.RELEASE/spring-data-jpa-2.0.9.RELEASE.jar
7f3ff07f8000-7f3ff07fa000 r--s 0006e000 08:01 1838915                    /home/baotoan/.m2/repository/io/springfox/springfox-swagger-ui/2.6.1/springfox-swagger-ui-2.6.1.jar
7f3ff07fa000-7f3ff07fb000 r--s 00000000 08:01 1838965                    /home/baotoan/.m2/repository/org/codehaus/mojo/animal-sniffer-annotations/1.14/animal-sniffer-annotations-1.14.jar
7f3ff07fb000-7f3ff07fd000 r--s 00001000 08:01 1711803                    /home/baotoan/.m2/repository/com/google/j2objc/j2objc-annotations/1.1/j2objc-annotations-1.1.jar
7f3ff07fd000-7f3ff07ff000 r--s 00002000 08:01 1577564                    /home/baotoan/.m2/repository/com/google/errorprone/error_prone_annotations/2.1.3/error_prone_annotations-2.1.3.jar
7f3ff07ff000-7f3ff0811000 r--s 00042000 08:01 14155905                   /home/baotoan/.m2/repository/org/checkerframework/checker-qual/2.0.0/checker-qual-2.0.0.jar
7f3ff0811000-7f3ff0813000 r--s 00003000 08:01 1446106                    /home/baotoan/.m2/repository/com/google/code/findbugs/jsr305/3.0.2/jsr305-3.0.2.jar
7f3ff0813000-7f3ff0845000 r--s 0026a000 08:01 1838963                    /home/baotoan/.m2/repository/com/google/guava/guava/25.1-jre/guava-25.1-jre.jar
7f3ff0845000-7f3ff0846000 r--s 00003000 08:01 14419368                   /home/baotoan/.m2/repository/org/mapstruct/mapstruct/1.0.0.Final/mapstruct-1.0.0.Final.jar
7f3ff0846000-7f3ff0848000 r--s 00000000 08:01 14289724                   /home/baotoan/.m2/repository/org/springframework/plugin/spring-plugin-metadata/1.2.0.RELEASE/spring-plugin-metadata-1.2.0.RELEASE.jar
7f3ff0848000-7f3ff0849000 r--s 00004000 08:01 14160790                   /home/baotoan/.m2/repository/org/springframework/plugin/spring-plugin-core/1.2.0.RELEASE/spring-plugin-core-1.2.0.RELEASE.jar
7f3ff0849000-7f3ff084b000 r--s 00009000 08:01 1443153                    /home/baotoan/.m2/repository/org/slf4j/slf4j-api/1.7.25/slf4j-api-1.7.25.jar
7f3ff084b000-7f3ff084d000 r--s 0000e000 08:01 1443125                    /home/baotoan/.m2/repository/com/fasterxml/classmate/1.3.4/classmate-1.3.4.jar
7f3ff084d000-7f3ff0852000 r--s 00021000 08:01 1838913                    /home/baotoan/.m2/repository/io/springfox/springfox-spring-web/2.6.1/springfox-spring-web-2.6.1.jar
7f3ff0852000-7f3ff0855000 r--s 00012000 08:01 1838911                    /home/baotoan/.m2/repository/io/springfox/springfox-swagger-common/2.6.1/springfox-swagger-common-2.6.1.jar
7f3ff0855000-7f3ff0858000 r--s 00010000 08:01 1838909                    /home/baotoan/.m2/repository/io/springfox/springfox-schema/2.6.1/springfox-schema-2.6.1.jar
7f3ff0858000-7f3ff085b000 r--s 00015000 08:01 1838907                    /home/baotoan/.m2/repository/io/springfox/springfox-core/2.6.1/springfox-core-2.6.1.jar
7f3ff085b000-7f3ff085e000 r--s 0000a000 08:01 1838905                    /home/baotoan/.m2/repository/io/springfox/springfox-spi/2.6.1/springfox-spi-2.6.1.jar
7f3ff085e000-7f3ff0861000 r--s 0000e000 08:01 1443101                    /home/baotoan/.m2/repository/com/fasterxml/jackson/core/jackson-annotations/2.9.0/jackson-annotations-2.9.0.jar
7f3ff0861000-7f3ff0864000 r--s 0001f000 08:01 1838903                    /home/baotoan/.m2/repository/io/swagger/swagger-models/1.5.10/swagger-models-1.5.10.jar
7f3ff0864000-7f3ff0865000 r--s 00004000 08:01 1577555                    /home/baotoan/.m2/repository/io/swagger/swagger-annotations/1.5.10/swagger-annotations-1.5.10.jar
7f3ff0865000-7f3ff0867000 r--s 0000d000 08:01 1446094                    /home/baotoan/.m2/repository/io/springfox/springfox-swagger2/2.6.1/springfox-swagger2-2.6.1.jar
7f3ff0867000-7f3ff0873000 r--s 00071000 08:01 14155894                   /home/baotoan/.m2/repository/org/modelmapper/modelmapper/0.7.4/modelmapper-0.7.4.jar
7f3ff0873000-7f3ff0875000 r--s 00004000 08:01 2231411                    /home/baotoan/.m2/repository/org/springframework/spring-jcl/5.0.8.RELEASE/spring-jcl-5.0.8.RELEASE.jar
7f3ff0875000-7f3ff088d000 r--s 00114000 08:01 2231409                    /home/baotoan/.m2/repository/org/springframework/spring-core/5.0.8.RELEASE/spring-core-5.0.8.RELEASE.jar
7f3ff088d000-7f3ff08a4000 r--s 00173000 08:01 14286862                   /home/baotoan/.m2/repository/org/projectlombok/lombok/1.16.22/lombok-1.16.22.jar
7f3ff08a4000-7f3ff08c5000 r--s 000fd000 08:01 2231421                    /home/baotoan/.m2/repository/org/springframework/boot/spring-boot-autoconfigure/2.0.4.RELEASE/spring-boot-autoconfigure-2.0.4.RELEASE.jar
7f3ff08c5000-7f3ff08da000 r--s 000d0000 08:01 2231419                    /home/baotoan/.m2/repository/org/springframework/boot/spring-boot/2.0.4.RELEASE/spring-boot-2.0.4.RELEASE.jar
7f3ff08da000-7f3ff08e0000 r--s 0002d000 08:01 2231417                    /home/baotoan/.m2/repository/org/springframework/boot/spring-boot-devtools/2.0.4.RELEASE/spring-boot-devtools-2.0.4.RELEASE.jar
7f3ff08e0000-7f3ff08e9000 r--s 00051000 08:01 2231365                    /home/baotoan/.m2/repository/org/springframework/spring-aop/5.0.8.RELEASE/spring-aop-5.0.8.RELEASE.jar
7f3ff08e9000-7f3ff08f9000 r--s 000b2000 08:01 2231389                    /home/baotoan/.m2/repository/org/springframework/spring-webmvc/5.0.8.RELEASE/spring-webmvc-5.0.8.RELEASE.jar
7f3ff08f9000-7f3ff0913000 r--s 0011b000 08:01 2231387                    /home/baotoan/.m2/repository/org/springframework/spring-web/5.0.8.RELEASE/spring-web-5.0.8.RELEASE.jar
7f3ff0913000-7f3ff0915000 r--s 0000f000 08:01 1443123                    /home/baotoan/.m2/repository/org/jboss/logging/jboss-logging/3.3.2.Final/jboss-logging-3.3.2.Final.jar
7f3ff0915000-7f3ff091a000 r--s 00012000 08:01 1443121                    /home/baotoan/.m2/repository/javax/validation/validation-api/2.0.1.Final/validation-api-2.0.1.Final.jar
7f3ff091a000-7f3ff0937000 r--s 000fe000 08:01 2231385                    /home/baotoan/.m2/repository/org/hibernate/validator/hibernate-validator/6.0.11.Final/hibernate-validator-6.0.11.Final.jar
7f3ff0937000-7f3ff093c000 r--s 0003a000 08:01 2231383                    /home/baotoan/.m2/repository/org/apache/tomcat/embed/tomcat-embed-websocket/8.5.32/tomcat-embed-websocket-8.5.32.jar
7f3ff093c000-7f3ff0941000 r--s 00037000 08:01 2231381                    /home/baotoan/.m2/repository/org/apache/tomcat/embed/tomcat-embed-el/8.5.32/tomcat-embed-el-8.5.32.jar
7f3ff0941000-7f3ff096a000 r--s 002d3000 08:01 2231379                    /home/baotoan/.m2/repository/org/apache/tomcat/embed/tomcat-embed-core/8.5.32/tomcat-embed-core-8.5.32.jar
7f3ff096a000-7f3ff096b000 r--s 00000000 08:01 2231377                    /home/baotoan/.m2/repository/org/springframework/boot/spring-boot-starter-tomcat/2.0.4.RELEASE/spring-boot-starter-tomcat-2.0.4.RELEASE.jar
7f3ff096b000-7f3ff096d000 r--s 00001000 08:01 2753613                    /home/baotoan/.m2/repository/com/fasterxml/jackson/module/jackson-module-parameter-names/2.9.6/jackson-module-parameter-names-2.9.6.jar
7f3ff096d000-7f3ff0970000 r--s 00016000 08:01 2753611                    /home/baotoan/.m2/repository/com/fasterxml/jackson/datatype/jackson-datatype-jsr310/2.9.6/jackson-datatype-jsr310-2.9.6.jar
7f3ff0970000-7f3ff0972000 r--s 00007000 08:01 2753609                    /home/baotoan/.m2/repository/com/fasterxml/jackson/datatype/jackson-datatype-jdk8/2.9.6/jackson-datatype-jdk8-2.9.6.jar
7f3ff0972000-7f3ff0977000 r--s 0004b000 08:01 2753607                    /home/baotoan/.m2/repository/com/fasterxml/jackson/core/jackson-core/2.9.6/jackson-core-2.9.6.jar
7f3ff0977000-7f3ff098a000 r--s 00137000 08:01 2753605                    /home/baotoan/.m2/repository/com/fasterxml/jackson/core/jackson-databind/2.9.6/jackson-databind-2.9.6.jar
7f3ff098a000-7f3ff098b000 r--s 00000000 08:01 2231375                    /home/baotoan/.m2/repository/org/springframework/boot/spring-boot-starter-json/2.0.4.RELEASE/spring-boot-starter-json-2.0.4.RELEASE.jar
7f3ff098b000-7f3ff09a2000 r--s 000f1000 08:01 2231355                    /home/baotoan/.m2/repository/org/springframework/data/spring-data-commons/2.0.9.RELEASE/spring-data-commons-2.0.9.RELEASE.jar
7f3ff09a2000-7f3ff09af000 r--s 00095000 08:01 2231407                    /home/baotoan/.m2/repository/org/springframework/spring-beans/5.0.8.RELEASE/spring-beans-5.0.8.RELEASE.jar
7f3ff09af000-7f3ff09c9000 r--s 000f1000 08:01 2231413                    /home/baotoan/.m2/repository/org/springframework/spring-context/5.0.8.RELEASE/spring-context-5.0.8.RELEASE.jar
7f3ff09c9000-7f3ff09d1000 r--s 00037000 08:01 2231359                    /home/baotoan/.m2/repository/org/springframework/spring-tx/5.0.8.RELEASE/spring-tx-5.0.8.RELEASE.jar
7f3ff09d1000-7f3ff09ee000 r--s 00116000 08:01 14420696                   /home/baotoan/.m2/repository/org/springframework/data/spring-data-mongodb/2.0.9.RELEASE/spring-data-mongodb-2.0.9.RELEASE.jar
7f3ff09ee000-7f3ff0a04000 r--s 000fc000 08:01 14155843                   /home/baotoan/.m2/repository/org/mongodb/mongodb-driver-core/3.6.4/mongodb-driver-core-3.6.4.jar
7f3ff0a04000-7f3ff0a0c000 r--s 00059000 08:01 14155841                   /home/baotoan/.m2/repository/org/mongodb/bson/3.6.4/bson-3.6.4.jar
7f3ff0a0c000-7f3ff0a13000 r--s 00058000 08:01 14155839                   /home/baotoan/.m2/repository/org/mongodb/mongodb-driver/3.6.4/mongodb-driver-3.6.4.jar
7f3ff0a13000-7f3ff0a1a000 r--s 00042000 08:01 1443095                    /home/baotoan/.m2/repository/org/yaml/snakeyaml/1.19/snakeyaml-1.19.jar
7f3ff0a1a000-7f3ff0a2b000 r-xp 00000000 08:01 13507717                   /usr/lib/jvm/java-8-oracle/jre/lib/amd64/libnio.so
7f3ff0a2b000-7f3ff0c2a000 ---p 00011000 08:01 13507717                   /usr/lib/jvm/java-8-oracle/jre/lib/amd64/libnio.so
7f3ff0c2a000-7f3ff0c2b000 rw-p 00010000 08:01 13507717                   /usr/lib/jvm/java-8-oracle/jre/lib/amd64/libnio.so
7f3ff0c2b000-7f3ff0c5c000 rw-p 00000000 00:00 0 
7f3ff0c5c000-7f3ff0c72000 r-xp 00000000 08:01 13507714                   /usr/lib/jvm/java-8-oracle/jre/lib/amd64/libnet.so
7f3ff0c72000-7f3ff0e72000 ---p 00016000 08:01 13507714                   /usr/lib/jvm/java-8-oracle/jre/lib/amd64/libnet.so
7f3ff0e72000-7f3ff0e73000 rw-p 00016000 08:01 13507714                   /usr/lib/jvm/java-8-oracle/jre/lib/amd64/libnet.so
7f3ff0e73000-7f3ff0e7c000 r-xp 00000000 08:01 13507722                   /usr/lib/jvm/java-8-oracle/jre/lib/amd64/libmanagement.so
7f3ff0e7c000-7f3ff107b000 ---p 00009000 08:01 13507722                   /usr/lib/jvm/java-8-oracle/jre/lib/amd64/libmanagement.so
7f3ff107b000-7f3ff107c000 rw-p 00008000 08:01 13507722                   /usr/lib/jvm/java-8-oracle/jre/lib/amd64/libmanagement.so
7f3ff107c000-7f3ff107f000 ---p 00000000 00:00 0 
7f3ff107f000-7f3ff117d000 rw-p 00000000 00:00 0 
7f3ff117d000-7f3ff117e000 ---p 00000000 00:00 0 
7f3ff117e000-7f3ff1181000 ---p 00000000 00:00 0 
7f3ff1181000-7f3ff127e000 rw-p 00000000 00:00 0 
7f3ff127e000-7f3ff127f000 ---p 00000000 00:00 0 
7f3ff127f000-7f3ff1282000 ---p 00000000 00:00 0 
7f3ff1282000-7f3ff137f000 rw-p 00000000 00:00 0 
7f3ff137f000-7f3ff1380000 ---p 00000000 00:00 0 
7f3ff1380000-7f3ff1383000 ---p 00000000 00:00 0 
7f3ff1383000-7f3ff1480000 rw-p 00000000 00:00 0 
7f3ff1480000-7f3ff1483000 ---p 00000000 00:00 0 
7f3ff1483000-7f3ff1581000 rw-p 00000000 00:00 0 
7f3ff1581000-7f3ff1584000 ---p 00000000 00:00 0 
7f3ff1584000-7f3ff1682000 rw-p 00000000 00:00 0 
7f3ff1682000-7f3ff1685000 ---p 00000000 00:00 0 
7f3ff1685000-7f3ff1783000 rw-p 00000000 00:00 0 
7f3ff1783000-7f3ff1787000 r-xp 00000000 08:01 13507467                   /usr/lib/jvm/java-8-oracle/jre/lib/amd64/libdt_socket.so
7f3ff1787000-7f3ff1986000 ---p 00004000 08:01 13507467                   /usr/lib/jvm/java-8-oracle/jre/lib/amd64/libdt_socket.so
7f3ff1986000-7f3ff1987000 rw-p 00003000 08:01 13507467                   /usr/lib/jvm/java-8-oracle/jre/lib/amd64/libdt_socket.so
7f3ff1987000-7f3ff198a000 ---p 00000000 00:00 0 
7f3ff198a000-7f3ff1a88000 rw-p 00000000 00:00 0 
7f3ff1a88000-7f3ff1a8b000 ---p 00000000 00:00 0 
7f3ff1a8b000-7f3ff1b89000 rw-p 00000000 00:00 0 
7f3ff1b89000-7f3ff1b8c000 ---p 00000000 00:00 0 
7f3ff1b8c000-7f3ff1c8a000 rw-p 00000000 00:00 0 
7f3ff1c8a000-7f3ff1c8b000 ---p 00000000 00:00 0 
7f3ff1c8b000-7f3ff2d1e000 rw-p 00000000 00:00 0 
7f3ff2d1e000-7f3ff2ef8000 r--s 03d6b000 08:01 13507007                   /usr/lib/jvm/java-8-oracle/jre/lib/rt.jar
7f3ff2ef8000-7f3ff7872000 rw-p 00000000 00:00 0 
7f3ff7872000-7f3ff7873000 ---p 00000000 00:00 0 
7f3ff7873000-7f3ff7973000 rw-p 00000000 00:00 0 
7f3ff7973000-7f3ff7974000 ---p 00000000 00:00 0 
7f3ff7974000-7f3ff7a74000 rw-p 00000000 00:00 0 
7f3ff7a74000-7f3ff7a75000 ---p 00000000 00:00 0 
7f3ff7a75000-7f3ff7ba1000 rw-p 00000000 00:00 0 
7f3ff7ba1000-7f3ff7e07000 ---p 00000000 00:00 0 
7f3ff7e07000-7f3ff7e33000 rw-p 00000000 00:00 0 
7f3ff7e33000-7f3ff8098000 ---p 00000000 00:00 0 
7f3ff8098000-7f3ff80f9000 rw-p 00000000 00:00 0 
7f3ff80f9000-7f3ff81e1000 ---p 00000000 00:00 0 
7f3ff81e1000-7f3ff8232000 rw-p 00000000 00:00 0 
7f3ff8232000-7f3ff85a2000 ---p 00000000 00:00 0 
7f3ff85a2000-7f3ff9982000 rwxp 00000000 00:00 0 
7f3ff9982000-7f40075a2000 ---p 00000000 00:00 0 
7f40075a2000-7f40075bd000 r-xp 00000000 08:01 13507710                   /usr/lib/jvm/java-8-oracle/jre/lib/amd64/libzip.so
7f40075bd000-7f40077bd000 ---p 0001b000 08:01 13507710                   /usr/lib/jvm/java-8-oracle/jre/lib/amd64/libzip.so
7f40077bd000-7f40077be000 rw-p 0001b000 08:01 13507710                   /usr/lib/jvm/java-8-oracle/jre/lib/amd64/libzip.so
7f40077be000-7f40077c9000 r-xp 00000000 08:01 12063414                   /lib/x86_64-linux-gnu/libnss_files-2.27.so
7f40077c9000-7f40079c8000 ---p 0000b000 08:01 12063414                   /lib/x86_64-linux-gnu/libnss_files-2.27.so
7f40079c8000-7f40079c9000 r--p 0000a000 08:01 12063414                   /lib/x86_64-linux-gnu/libnss_files-2.27.so
7f40079c9000-7f40079ca000 rw-p 0000b000 08:01 12063414                   /lib/x86_64-linux-gnu/libnss_files-2.27.so
7f40079ca000-7f40079d0000 rw-p 00000000 00:00 0 
7f40079d0000-7f40079e7000 r-xp 00000000 08:01 12063408                   /lib/x86_64-linux-gnu/libnsl-2.27.so
7f40079e7000-7f4007be6000 ---p 00017000 08:01 12063408                   /lib/x86_64-linux-gnu/libnsl-2.27.so
7f4007be6000-7f4007be7000 r--p 00016000 08:01 12063408                   /lib/x86_64-linux-gnu/libnsl-2.27.so
7f4007be7000-7f4007be8000 rw-p 00017000 08:01 12063408                   /lib/x86_64-linux-gnu/libnsl-2.27.so
7f4007be8000-7f4007bea000 rw-p 00000000 00:00 0 
7f4007bea000-7f4007bf5000 r-xp 00000000 08:01 12063425                   /lib/x86_64-linux-gnu/libnss_nis-2.27.so
7f4007bf5000-7f4007df4000 ---p 0000b000 08:01 12063425                   /lib/x86_64-linux-gnu/libnss_nis-2.27.so
7f4007df4000-7f4007df5000 r--p 0000a000 08:01 12063425                   /lib/x86_64-linux-gnu/libnss_nis-2.27.so
7f4007df5000-7f4007df6000 rw-p 0000b000 08:01 12063425                   /lib/x86_64-linux-gnu/libnss_nis-2.27.so
7f4007df6000-7f4007dfe000 r-xp 00000000 08:01 12063410                   /lib/x86_64-linux-gnu/libnss_compat-2.27.so
7f4007dfe000-7f4007ffe000 ---p 00008000 08:01 12063410                   /lib/x86_64-linux-gnu/libnss_compat-2.27.so
7f4007ffe000-7f4007fff000 r--p 00008000 08:01 12063410                   /lib/x86_64-linux-gnu/libnss_compat-2.27.so
7f4007fff000-7f4008000000 rw-p 00009000 08:01 12063410                   /lib/x86_64-linux-gnu/libnss_compat-2.27.so
7f4008000000-7f4008909000 rw-p 00000000 00:00 0 
7f4008909000-7f400c000000 ---p 00000000 00:00 0 
7f400c000000-7f400c0c5000 rw-p 00000000 00:00 0 
7f400c0c5000-7f400c0c6000 ---p 00000000 00:00 0 
7f400c0c6000-7f400c1c6000 rw-p 00000000 00:00 0 
7f400c1c6000-7f400cd16000 r--p 00000000 08:01 11410040                   /usr/lib/locale/locale-archive
7f400cd16000-7f400cd18000 r-xp 00000000 08:01 13507469                   /usr/lib/jvm/java-8-oracle/jre/lib/amd64/libnpt.so
7f400cd18000-7f400cf18000 ---p 00002000 08:01 13507469                   /usr/lib/jvm/java-8-oracle/jre/lib/amd64/libnpt.so
7f400cf18000-7f400cf19000 rw-p 00002000 08:01 13507469                   /usr/lib/jvm/java-8-oracle/jre/lib/amd64/libnpt.so
7f400cf19000-7f400cf53000 r-xp 00000000 08:01 13507487                   /usr/lib/jvm/java-8-oracle/jre/lib/amd64/libjdwp.so
7f400cf53000-7f400d152000 ---p 0003a000 08:01 13507487                   /usr/lib/jvm/java-8-oracle/jre/lib/amd64/libjdwp.so
7f400d152000-7f400d153000 rw-p 00039000 08:01 13507487                   /usr/lib/jvm/java-8-oracle/jre/lib/amd64/libjdwp.so
7f400d153000-7f400d154000 rw-p 00000000 00:00 0 
7f400d154000-7f400d17f000 r-xp 00000000 08:01 13507494                   /usr/lib/jvm/java-8-oracle/jre/lib/amd64/libjava.so
7f400d17f000-7f400d37e000 ---p 0002b000 08:01 13507494                   /usr/lib/jvm/java-8-oracle/jre/lib/amd64/libjava.so
7f400d37e000-7f400d380000 rw-p 0002a000 08:01 13507494                   /usr/lib/jvm/java-8-oracle/jre/lib/amd64/libjava.so
7f400d380000-7f400d38d000 r-xp 00000000 08:01 13507709                   /usr/lib/jvm/java-8-oracle/jre/lib/amd64/libverify.so
7f400d38d000-7f400d58d000 ---p 0000d000 08:01 13507709                   /usr/lib/jvm/java-8-oracle/jre/lib/amd64/libverify.so
7f400d58d000-7f400d58f000 rw-p 0000d000 08:01 13507709                   /usr/lib/jvm/java-8-oracle/jre/lib/amd64/libverify.so
7f400d58f000-7f400d596000 r-xp 00000000 08:01 12063465                   /lib/x86_64-linux-gnu/librt-2.27.so
7f400d596000-7f400d795000 ---p 00007000 08:01 12063465                   /lib/x86_64-linux-gnu/librt-2.27.so
7f400d795000-7f400d796000 r--p 00006000 08:01 12063465                   /lib/x86_64-linux-gnu/librt-2.27.so
7f400d796000-7f400d797000 rw-p 00007000 08:01 12063465                   /lib/x86_64-linux-gnu/librt-2.27.so
7f400d797000-7f400d934000 r-xp 00000000 08:01 12063387                   /lib/x86_64-linux-gnu/libm-2.27.so
7f400d934000-7f400db33000 ---p 0019d000 08:01 12063387                   /lib/x86_64-linux-gnu/libm-2.27.so
7f400db33000-7f400db34000 r--p 0019c000 08:01 12063387                   /lib/x86_64-linux-gnu/libm-2.27.so
7f400db34000-7f400db35000 rw-p 0019d000 08:01 12063387                   /lib/x86_64-linux-gnu/libm-2.27.so
7f400db35000-7f400e811000 r-xp 00000000 08:01 13507476                   /usr/lib/jvm/java-8-oracle/jre/lib/amd64/server/libjvm.so
7f400e811000-7f400ea11000 ---p 00cdc000 08:01 13507476                   /usr/lib/jvm/java-8-oracle/jre/lib/amd64/server/libjvm.so
7f400ea11000-7f400eaeb000 rw-p 00cdc000 08:01 13507476                   /usr/lib/jvm/java-8-oracle/jre/lib/amd64/server/libjvm.so
7f400eaeb000-7f400eb36000 rw-p 00000000 00:00 0 
7f400eb36000-7f400ed1d000 r-xp 00000000 08:01 12063324                   /lib/x86_64-linux-gnu/libc-2.27.so
7f400ed1d000-7f400ef1d000 ---p 001e7000 08:01 12063324                   /lib/x86_64-linux-gnu/libc-2.27.so
7f400ef1d000-7f400ef21000 r--p 001e7000 08:01 12063324                   /lib/x86_64-linux-gnu/libc-2.27.so
7f400ef21000-7f400ef23000 rw-p 001eb000 08:01 12063324                   /lib/x86_64-linux-gnu/libc-2.27.so
7f400ef23000-7f400ef27000 rw-p 00000000 00:00 0 
7f400ef27000-7f400ef2a000 r-xp 00000000 08:01 12063347                   /lib/x86_64-linux-gnu/libdl-2.27.so
7f400ef2a000-7f400f129000 ---p 00003000 08:01 12063347                   /lib/x86_64-linux-gnu/libdl-2.27.so
7f400f129000-7f400f12a000 r--p 00002000 08:01 12063347                   /lib/x86_64-linux-gnu/libdl-2.27.so
7f400f12a000-7f400f12b000 rw-p 00003000 08:01 12063347                   /lib/x86_64-linux-gnu/libdl-2.27.so
7f400f12b000-7f400f141000 r-xp 00000000 08:01 13506869                   /usr/lib/jvm/java-8-oracle/lib/amd64/jli/libjli.so
7f400f141000-7f400f340000 ---p 00016000 08:01 13506869                   /usr/lib/jvm/java-8-oracle/lib/amd64/jli/libjli.so
7f400f340000-7f400f341000 rw-p 00015000 08:01 13506869                   /usr/lib/jvm/java-8-oracle/lib/amd64/jli/libjli.so
7f400f341000-7f400f35b000 r-xp 00000000 08:01 12063457                   /lib/x86_64-linux-gnu/libpthread-2.27.so
7f400f35b000-7f400f55a000 ---p 0001a000 08:01 12063457                   /lib/x86_64-linux-gnu/libpthread-2.27.so
7f400f55a000-7f400f55b000 r--p 00019000 08:01 12063457                   /lib/x86_64-linux-gnu/libpthread-2.27.so
7f400f55b000-7f400f55c000 rw-p 0001a000 08:01 12063457                   /lib/x86_64-linux-gnu/libpthread-2.27.so
7f400f55c000-7f400f560000 rw-p 00000000 00:00 0 
7f400f560000-7f400f587000 r-xp 00000000 08:01 12063296                   /lib/x86_64-linux-gnu/ld-2.27.so
7f400f587000-7f400f58c000 r--s 00040000 08:01 2231371                    /home/baotoan/.m2/repository/org/springframework/spring-expression/5.0.8.RELEASE/spring-expression-5.0.8.RELEASE.jar
7f400f58c000-7f400f58e000 r--s 00005000 08:01 1443093                    /home/baotoan/.m2/repository/javax/annotation/javax.annotation-api/1.3.2/javax.annotation-api-1.3.2.jar
7f400f58e000-7f400f590000 r--s 00000000 08:01 1443091                    /home/baotoan/.m2/repository/org/slf4j/jul-to-slf4j/1.7.25/jul-to-slf4j-1.7.25.jar
7f400f590000-7f400f596000 r--s 00039000 08:01 1443089                    /home/baotoan/.m2/repository/org/apache/logging/log4j/log4j-api/2.10.0/log4j-api-2.10.0.jar
7f400f596000-7f400f598000 r--s 00003000 08:01 1443087                    /home/baotoan/.m2/repository/org/apache/logging/log4j/log4j-to-slf4j/2.10.0/log4j-to-slf4j-2.10.0.jar
7f400f598000-7f400f663000 rw-p 00000000 00:00 0 
7f400f663000-7f400f664000 ---p 00000000 00:00 0 
7f400f664000-7f400f667000 ---p 00000000 00:00 0 
7f400f667000-7f400f768000 rw-p 00000000 00:00 0 
7f400f768000-7f400f769000 r--s 00000000 08:01 2231373                    /home/baotoan/.m2/repository/org/springframework/boot/spring-boot-starter-web/2.0.4.RELEASE/spring-boot-starter-web-2.0.4.RELEASE.jar
7f400f769000-7f400f774000 r--s 00069000 08:01 1443085                    /home/baotoan/.m2/repository/ch/qos/logback/logback-core/1.2.3/logback-core-1.2.3.jar
7f400f774000-7f400f77a000 r--s 00041000 08:01 1443083                    /home/baotoan/.m2/repository/ch/qos/logback/logback-classic/1.2.3/logback-classic-1.2.3.jar
7f400f77a000-7f400f77b000 r--s 00000000 08:01 2231345                    /home/baotoan/.m2/repository/org/springframework/boot/spring-boot-starter-logging/2.0.4.RELEASE/spring-boot-starter-logging-2.0.4.RELEASE.jar
7f400f77b000-7f400f77c000 r--s 00000000 08:01 2231343                    /home/baotoan/.m2/repository/org/springframework/boot/spring-boot-starter/2.0.4.RELEASE/spring-boot-starter-2.0.4.RELEASE.jar
7f400f77c000-7f400f77d000 r--s 00000000 08:01 14161254                   /home/baotoan/.m2/repository/org/springframework/boot/spring-boot-starter-data-mongodb/2.0.4.RELEASE/spring-boot-starter-data-mongodb-2.0.4.RELEASE.jar
7f400f77d000-7f400f785000 rw-s 00000000 08:01 4728271                    /tmp/hsperfdata_baotoan/18474
7f400f785000-7f400f786000 rw-p 00000000 00:00 0 
7f400f786000-7f400f787000 r--p 00000000 00:00 0 
7f400f787000-7f400f788000 r--p 00027000 08:01 12063296                   /lib/x86_64-linux-gnu/ld-2.27.so
7f400f788000-7f400f789000 rw-p 00028000 08:01 12063296                   /lib/x86_64-linux-gnu/ld-2.27.so
7f400f789000-7f400f78a000 rw-p 00000000 00:00 0 
7ffc29c3f000-7ffc29c62000 rw-p 00000000 00:00 0                          [stack]
7ffc29d1c000-7ffc29d1f000 r--p 00000000 00:00 0                          [vvar]
7ffc29d1f000-7ffc29d21000 r-xp 00000000 00:00 0                          [vdso]
ffffffffff600000-ffffffffff601000 r-xp 00000000 00:00 0                  [vsyscall]

VM Arguments:
jvm_args: -agentlib:jdwp=transport=dt_socket,suspend=y,address=localhost:35769 -Dcom.sun.management.jmxremote -Dcom.sun.management.jmxremote.port=44289 -Dcom.sun.management.jmxremote.authenticate=false -Dcom.sun.management.jmxremote.ssl=false -Djava.rmi.server.hostname=localhost -Dspring.liveBeansView.mbeanDomain -Dspring.application.admin.enabled=true -Djava.security.egd=file:/dev/./urandom -Xverify:none -XX:TieredStopAtLevel=1 -Dfile.encoding=UTF-8 
java_command: com.emaster.dataquery.EmasterDataqueryApplication --spring.output.ansi.enabled=always
java_class_path (initial): /usr/lib/jvm/java-8-oracle/jre/lib/resources.jar:/usr/lib/jvm/java-8-oracle/jre/lib/rt.jar:/usr/lib/jvm/java-8-oracle/jre/lib/jsse.jar:/usr/lib/jvm/java-8-oracle/jre/lib/jce.jar:/usr/lib/jvm/java-8-oracle/jre/lib/charsets.jar:/usr/lib/jvm/java-8-oracle/jre/lib/jfr.jar:/usr/lib/jvm/java-8-oracle/jre/lib/ext/cldrdata.jar:/usr/lib/jvm/java-8-oracle/jre/lib/ext/zipfs.jar:/usr/lib/jvm/java-8-oracle/jre/lib/ext/jaccess.jar:/usr/lib/jvm/java-8-oracle/jre/lib/ext/dnsns.jar:/usr/lib/jvm/java-8-oracle/jre/lib/ext/sunec.jar:/usr/lib/jvm/java-8-oracle/jre/lib/ext/nashorn.jar:/usr/lib/jvm/java-8-oracle/jre/lib/ext/sunjce_provider.jar:/usr/lib/jvm/java-8-oracle/jre/lib/ext/sunpkcs11.jar:/usr/lib/jvm/java-8-oracle/jre/lib/ext/localedata.jar:/usr/lib/jvm/java-8-oracle/jre/lib/ext/jfxrt.jar:/home/baotoan/Development/EMaster/back-end/emaster/emaster-dataquery/target/classes:/home/baotoan/.m2/repository/org/springframework/boot/spring-boot-starter-data-mongodb/2.0.4.RELEASE/spring-boot-starter-data-mongodb-2.0.4.RELEASE.jar:/home/baotoan/.m2/repository/org/springframework/boot/spring-boot-starter/2.0.4.RELEASE/spring-boot-starter-2.0.4.RELEASE.jar:/home/baotoan/.m2/repository/org/springframework/boot/spring-boot-starter-logging/2.0.4.RELEASE/spring-boot-starter-logging-2.0.4.RELEASE.jar:/home/baotoan/.m2/repository/ch/qos/logback/logback-classic/1.2.3/logback-classic-1.2.3.jar:/home/baotoan/.m2/repository/ch/qos/logback/logback-core/1.2.3/logback-core-1.2.3.jar:/home/baotoan/.m2/repository/org/apache/logging/log4j/log4j-to-slf4j/2.10.0/log4j-to-slf4j-2.10.0.jar:/home/baotoan/.m2/repository/org/apache/logging/log4j/log4j-api/2.10.0/log4j-api-2.10.0.jar:/home/baotoan/.m2/repository/org/slf4j/jul-to-slf4j/1.7.25/jul-to-slf4j-1.7.25.jar:/home/baotoan/.m2/repository/javax/annotation/javax.annotation-api/1.3.2/javax.annotation-api-1.3.2.jar:/home/baotoan/.m2/repository/org/yaml/snakeyaml/1.19/snakeyaml-1.19.jar:/home/baotoan/.m2/repository/org/mongodb/mongodb-dr
Launcher Type: SUN_STANDARD

Environment Variables:
JAVA_HOME=/usr/lib/jvm/java-8-oracle
PATH=/usr/local/sbin:/usr/local/bin:/usr/sbin:/usr/bin:/sbin:/bin:/usr/games:/usr/local/games:/snap/bin:/usr/lib/jvm/java-8-oracle/bin:/usr/lib/jvm/java-8-oracle/db/bin:/usr/lib/jvm/java-8-oracle/jre/bin
USERNAME=baotoan
SHELL=/bin/bash
DISPLAY=:0

Signal Handlers:
SIGSEGV: [libjvm.so+0xad2a40], sa_mask[0]=11111111011111111101111111111110, sa_flags=SA_RESTART|SA_SIGINFO
SIGBUS: [libjvm.so+0xad2a40], sa_mask[0]=11111111011111111101111111111110, sa_flags=SA_RESTART|SA_SIGINFO
SIGFPE: [libjvm.so+0x92a610], sa_mask[0]=11111111011111111101111111111110, sa_flags=SA_RESTART|SA_SIGINFO
SIGPIPE: [libjvm.so+0x92a610], sa_mask[0]=11111111011111111101111111111110, sa_flags=SA_RESTART|SA_SIGINFO
SIGXFSZ: [libjvm.so+0x92a610], sa_mask[0]=11111111011111111101111111111110, sa_flags=SA_RESTART|SA_SIGINFO
SIGILL: [libjvm.so+0x92a610], sa_mask[0]=11111111011111111101111111111110, sa_flags=SA_RESTART|SA_SIGINFO
SIGUSR1: SIG_DFL, sa_mask[0]=00000000000000000000000000000000, sa_flags=none
SIGUSR2: [libjvm.so+0x92be70], sa_mask[0]=00100000000000000000000000000000, sa_flags=SA_RESTART|SA_SIGINFO
SIGHUP: [libjvm.so+0x92d270], sa_mask[0]=11111111011111111101111111111110, sa_flags=SA_RESTART|SA_SIGINFO
SIGINT: [libjvm.so+0x92d270], sa_mask[0]=11111111011111111101111111111110, sa_flags=SA_RESTART|SA_SIGINFO
SIGTERM: [libjvm.so+0x92d270], sa_mask[0]=11111111011111111101111111111110, sa_flags=SA_RESTART|SA_SIGINFO
SIGQUIT: [libjvm.so+0x92d270], sa_mask[0]=11111111011111111101111111111110, sa_flags=SA_RESTART|SA_SIGINFO


---------------  S Y S T E M  ---------------

OS:DISTRIB_ID=Ubuntu
DISTRIB_RELEASE=18.04
DISTRIB_CODENAME=bionic
DISTRIB_DESCRIPTION="Ubuntu 18.04.1 LTS"

uname:Linux 4.15.0-33-generic #36-Ubuntu SMP Wed Aug 15 16:00:05 UTC 2018 x86_64
libc:glibc 2.27 NPTL 2.27 
rlimit: STACK 8192k, CORE 0k, NPROC 31300, NOFILE 4096, AS infinity
load average:6.34 4.47 4.03

/proc/meminfo:
MemTotal:        8073324 kB
MemFree:          687864 kB
MemAvailable:     986300 kB
Buffers:           34792 kB
Cached:           629148 kB
SwapCached:         9936 kB
Active:          5896912 kB
Inactive:         994560 kB
Active(anon):    5623608 kB
Inactive(anon):   805208 kB
Active(file):     273304 kB
Inactive(file):   189352 kB
Unevictable:         568 kB
Mlocked:             568 kB
SwapTotal:       2097148 kB
SwapFree:           2048 kB
Dirty:              1820 kB
Writeback:             0 kB
AnonPages:       6220404 kB
Mapped:           429364 kB
Shmem:            200496 kB
Slab:             238392 kB
SReclaimable:     111168 kB
SUnreclaim:       127224 kB
KernelStack:       26576 kB
PageTables:       109828 kB
NFS_Unstable:          0 kB
Bounce:                0 kB
WritebackTmp:          0 kB
CommitLimit:     6133808 kB
Committed_AS:   19847168 kB
VmallocTotal:   34359738367 kB
VmallocUsed:           0 kB
VmallocChunk:          0 kB
HardwareCorrupted:     0 kB
AnonHugePages:         0 kB
ShmemHugePages:        0 kB
ShmemPmdMapped:        0 kB
CmaTotal:              0 kB
CmaFree:               0 kB
HugePages_Total:       0
HugePages_Free:        0
HugePages_Rsvd:        0
HugePages_Surp:        0
Hugepagesize:       2048 kB
DirectMap4k:      423488 kB
DirectMap2M:     7870464 kB


CPU:total 4 (initial active 4) (2 cores per cpu, 2 threads per core) family 6 model 42 stepping 7, cmov, cx8, fxsr, mmx, sse, sse2, sse3, ssse3, sse4.1, sse4.2, popcnt, avx, aes, clmul, ht, tsc, tscinvbit

/proc/cpuinfo:
processor	: 0
vendor_id	: GenuineIntel
cpu family	: 6
model		: 42
model name	: Intel(R) Core(TM) i5-2430M CPU @ 2.40GHz
stepping	: 7
microcode	: 0x2d
cpu MHz		: 2394.677
cache size	: 3072 KB
physical id	: 0
siblings	: 4
core id		: 0
cpu cores	: 2
apicid		: 0
initial apicid	: 0
fpu		: yes
fpu_exception	: yes
cpuid level	: 13
wp		: yes
flags		: fpu vme de pse tsc msr pae mce cx8 apic sep mtrr pge mca cmov pat pse36 clflush dts acpi mmx fxsr sse sse2 ss ht tm pbe syscall nx rdtscp lm constant_tsc arch_perfmon pebs bts rep_good nopl xtopology nonstop_tsc cpuid aperfmperf pni pclmulqdq dtes64 monitor ds_cpl vmx est tm2 ssse3 cx16 xtpr pdcm pcid sse4_1 sse4_2 x2apic popcnt tsc_deadline_timer aes xsave avx lahf_lm epb pti ibrs ibpb stibp tpr_shadow vnmi flexpriority ept vpid xsaveopt dtherm ida arat pln pts
bugs		: cpu_meltdown spectre_v1 spectre_v2 spec_store_bypass l1tf
bogomips	: 4789.35
clflush size	: 64
cache_alignment	: 64
address sizes	: 36 bits physical, 48 bits virtual
power management:

processor	: 1
vendor_id	: GenuineIntel
cpu family	: 6
model		: 42
model name	: Intel(R) Core(TM) i5-2430M CPU @ 2.40GHz
stepping	: 7
microcode	: 0x2d
cpu MHz		: 2394.677
cache size	: 3072 KB
physical id	: 0
siblings	: 4
core id		: 1
cpu cores	: 2
apicid		: 2
initial apicid	: 2
fpu		: yes
fpu_exception	: yes
cpuid level	: 13
wp		: yes
flags		: fpu vme de pse tsc msr pae mce cx8 apic sep mtrr pge mca cmov pat pse36 clflush dts acpi mmx fxsr sse sse2 ss ht tm pbe syscall nx rdtscp lm constant_tsc arch_perfmon pebs bts rep_good nopl xtopology nonstop_tsc cpuid aperfmperf pni pclmulqdq dtes64 monitor ds_cpl vmx est tm2 ssse3 cx16 xtpr pdcm pcid sse4_1 sse4_2 x2apic popcnt tsc_deadline_timer aes xsave avx lahf_lm epb pti ibrs ibpb stibp tpr_shadow vnmi flexpriority ept vpid xsaveopt dtherm ida arat pln pts
bugs		: cpu_meltdown spectre_v1 spectre_v2 spec_store_bypass l1tf
bogomips	: 4789.35
clflush size	: 64
cache_alignment	: 64
address sizes	: 36 bits physical, 48 bits virtual
power management:

processor	: 2
vendor_id	: GenuineIntel
cpu family	: 6
model		: 42
model name	: Intel(R) Core(TM) i5-2430M CPU @ 2.40GHz
stepping	: 7
microcode	: 0x2d
cpu MHz		: 2394.679
cache size	: 3072 KB
physical id	: 0
siblings	: 4
core id		: 0
cpu cores	: 2
apicid		: 1
initial apicid	: 1
fpu		: yes
fpu_exception	: yes
cpuid level	: 13
wp		: yes
flags		: fpu vme de pse tsc msr pae mce cx8 apic sep mtrr pge mca cmov pat pse36 clflush dts acpi mmx fxsr sse sse2 ss ht tm pbe syscall nx rdtscp lm constant_tsc arch_perfmon pebs bts rep_good nopl xtopology nonstop_tsc cpuid aperfmperf pni pclmulqdq dtes64 monitor ds_cpl vmx est tm2 ssse3 cx16 xtpr pdcm pcid sse4_1 sse4_2 x2apic popcnt tsc_deadline_timer aes xsave avx lahf_lm epb pti ibrs ibpb stibp tpr_shadow vnmi flexpriority ept vpid xsaveopt dtherm ida arat pln pts
bugs		: cpu_meltdown spectre_v1 spectre_v2 spec_store_bypass l1tf
bogomips	: 4789.35
clflush size	: 64
cache_alignment	: 64
address sizes	: 36 bits physical, 48 bits virtual
power management:

processor	: 3
vendor_id	: GenuineIntel
cpu family	: 6
model		: 42
model name	: Intel(R) Core(TM) i5-2430M CPU @ 2.40GHz
stepping	: 7
microcode	: 0x2d
cpu MHz		: 2394.679
cache size	: 3072 KB
physical id	: 0
siblings	: 4
core id		: 1
cpu cores	: 2
apicid		: 3
initial apicid	: 3
fpu		: yes
fpu_exception	: yes
cpuid level	: 13
wp		: yes
flags		: fpu vme de pse tsc msr pae mce cx8 apic sep mtrr pge mca cmov pat pse36 clflush dts acpi mmx fxsr sse sse2 ss ht tm pbe syscall nx rdtscp lm constant_tsc arch_perfmon pebs bts rep_good nopl xtopology nonstop_tsc cpuid aperfmperf pni pclmulqdq dtes64 monitor ds_cpl vmx est tm2 ssse3 cx16 xtpr pdcm pcid sse4_1 sse4_2 x2apic popcnt tsc_deadline_timer aes xsave avx lahf_lm epb pti ibrs ibpb stibp tpr_shadow vnmi flexpriority ept vpid xsaveopt dtherm ida arat pln pts
bugs		: cpu_meltdown spectre_v1 spectre_v2 spec_store_bypass l1tf
bogomips	: 4789.35
clflush size	: 64
cache_alignment	: 64
address sizes	: 36 bits physical, 48 bits virtual
power management:



Memory: 4k page, physical 8073324k(686872k free), swap 2097148k(2084k free)

vm_info: Java HotSpot(TM) 64-Bit Server VM (25.181-b13) for linux-amd64 JRE (1.8.0_181-b13), built on Jul  7 2018 00:56:38 by "java_re" with gcc 4.3.0 20080428 (Red Hat 4.3.0-8)

time: Mon Aug 27 22:35:03 2018
elapsed time: 5581 seconds (0d 1h 33m 1s)

